This is pdfTeX, Version 3.14159265-2.6-1.40.19 (MiKTeX 2.9.6840 64-bit) (preloaded format=pdflatex 2018.10.16)  14 NOV 2018 20:41
entering extended mode
**./Titel.tex
(Titel.tex
LaTeX2e <2018-04-01> patch level 5

! LaTeX Error: Environment titlepage undefined.

See the LaTeX manual or LaTeX Companion for explanation.
Type  H <return>  for immediate help.
 ...                                              
                                                  
l.11 \begin{titlepage}
                      
Your command was ignored.
Type  I <command> <return>  to replace it with another command,
or  <return>  to continue without it.


! LaTeX Error: Missing \begin{document}.

See the LaTeX manual or LaTeX Companion for explanation.
Type  H <return>  for immediate help.
 ...                                              
                                                  
l.12    \mbox{}
               \vspace{5\baselineskip}\\
You're in trouble here.  Try typing  <return>  to proceed.
If that doesn't work, type  X <return>  to quit.

! Undefined control sequence.
l.13    \sffamily\huge
                      
The control sequence at the end of the top line
of your error message was never \def'ed. If you have
misspelled it (e.g., `\hobx'), type `I' and the correct
spelling (e.g., `I\hbox'). Otherwise just continue,
and I'll forget about whatever was undefined.

! Undefined control sequence.
l.16    {\Huge
               Verteilte Systeme und Kommunikationsnetze} \\
The control sequence at the end of the top line
of your error message was never \def'ed. If you have
misspelled it (e.g., `\hobx'), type `I' and the correct
spelling (e.g., `I\hbox'). Otherwise just continue,
and I'll forget about whatever was undefined.


Overfull \hbox (20.0pt too wide) in paragraph at lines 12--16
 [][]  
 []


Overfull \hbox (35.13892pt too wide) in paragraph at lines 12--16
 \OT1/cmss/m/n/10 Verteilte 
 []


Overfull \hbox (17.33336pt too wide) in paragraph at lines 12--16
 \OT1/cmss/m/n/10 Sys- 
 []


Overfull \hbox (20.44446pt too wide) in paragraph at lines 12--16
 \OT1/cmss/m/n/10 teme 
 []


Overfull \hbox (15.50002pt too wide) in paragraph at lines 12--16
 \OT1/cmss/m/n/10 und 
 []


Overfull \hbox (23.22227pt too wide) in paragraph at lines 12--16
 \OT1/cmss/m/n/10 Kom- 
 []


Overfull \hbox (16.44446pt too wide) in paragraph at lines 12--16
 \OT1/cmss/m/n/10 mu- 
 []


Overfull \hbox (20.30559pt too wide) in paragraph at lines 12--16
 \OT1/cmss/m/n/10 nika- 
 []


Overfull \hbox (19.50002pt too wide) in paragraph at lines 12--16
 \OT1/cmss/m/n/10 tion- 
 []


Overfull \hbox (25.84723pt too wide) in paragraph at lines 12--16
 \OT1/cmss/m/n/10 snetze 
 []


! LaTeX Error: Missing \begin{document}.

See the LaTeX manual or LaTeX Companion for explanation.
Type  H <return>  for immediate help.
 ...                                              
                                                  
l.17   T
        estumgebung \\ \normalsize Praktikum  1
You're in trouble here.  Try typing  <return>  to proceed.
If that doesn't work, type  X <return>  to quit.


Overfull \hbox (60.91673pt too wide) in paragraph at lines 17--17
 []\OT1/cmss/m/n/10 Testumgebung 
 []


! LaTeX Error: The font size command \normalsize is not defined:
               there is probably something wrong with the class file.

See the LaTeX manual or LaTeX Companion for explanation.
Type  H <return>  for immediate help.
 ...                                              
                                                  
l.17   Testumgebung \\ \normalsize
                                   Praktikum  1
Your command was ignored.
Type  I <command> <return>  to replace it with another command,
or  <return>  to continue without it.


! LaTeX Error: Missing \begin{document}.

See the LaTeX manual or LaTeX Companion for explanation.
Type  H <return>  for immediate help.
 ...                                              
                                                  
l.17   Testumgebung \\ \normalsize P
                                    raktikum  1
You're in trouble here.  Try typing  <return>  to proceed.
If that doesn't work, type  X <return>  to quit.


Overfull \hbox (43.50012pt too wide) in paragraph at lines 17--18
 []\OT1/cmss/m/n/10 Praktikum 
 []


Overfull \hbox (5.00002pt too wide) in paragraph at lines 17--18
 \OT1/cmss/m/n/10 1 
 []

! Undefined control sequence.
l.19    \rmfamily\Large
                       
The control sequence at the end of the top line
of your error message was never \def'ed. If you have
misspelled it (e.g., `\hobx'), type `I' and the correct
spelling (e.g., `I\hbox'). Otherwise just continue,
and I'll forget about whatever was undefined.


! LaTeX Error: Missing \begin{document}.

See the LaTeX manual or LaTeX Companion for explanation.
Type  H <return>  for immediate help.
 ...                                              
                                                  
l.20   F
        achhochschule Bielefeld \\
You're in trouble here.  Try typing  <return>  to proceed.
If that doesn't work, type  X <return>  to quit.


Overfull \hbox (67.13899pt too wide) in paragraph at lines 20--20
 []\OT1/cmr/m/n/10 Fachhochschule 
 []


Overfull \hbox (24.86115pt too wide) in paragraph at lines 20--20
 \OT1/cmr/m/n/10 Biele- 
 []


Overfull \hbox (15.83337pt too wide) in paragraph at lines 20--20
 \OT1/cmr/m/n/10 feld 
 []


! LaTeX Error: Missing \begin{document}.

See the LaTeX manual or LaTeX Companion for explanation.
Type  H <return>  for immediate help.
 ...                                              
                                                  
l.21   C
        ampus Minden \\
You're in trouble here.  Try typing  <return>  to proceed.
If that doesn't work, type  X <return>  to quit.


Overfull \hbox (35.61119pt too wide) in paragraph at lines 21--21
 []\OT1/cmr/m/n/10 Campus 
 []


Overfull \hbox (20.83337pt too wide) in paragraph at lines 21--21
 \OT1/cmr/m/n/10 Min- 
 []


Overfull \hbox (15.55559pt too wide) in paragraph at lines 21--21
 \OT1/cmr/m/n/10 den 
 []


! LaTeX Error: Missing \begin{document}.

See the LaTeX manual or LaTeX Companion for explanation.
Type  H <return>  for immediate help.
 ...                                              
                                                  
l.22   S
        tudiengang Informatik
You're in trouble here.  Try typing  <return>  to proceed.
If that doesn't work, type  X <return>  to quit.


Overfull \hbox (53.88904pt too wide) in paragraph at lines 22--23
 []\OT1/cmr/m/n/10 Studiengang 
 []


Overfull \hbox (12.50002pt too wide) in paragraph at lines 22--23
 \OT1/cmr/m/n/10 In- 
 []


Overfull \hbox (15.30559pt too wide) in paragraph at lines 22--23
 \OT1/cmr/m/n/10 for- 
 []


Overfull \hbox (25.27786pt too wide) in paragraph at lines 22--23
 \OT1/cmr/m/n/10 matik 
 []


! LaTeX Error: Missing \begin{document}.

See the LaTeX manual or LaTeX Companion for explanation.
Type  H <return>  for immediate help.
 ...                                              
                                                  
l.24 \noindent
              \rule{15cm}{0.4pt}
You're in trouble here.  Try typing  <return>  to proceed.
If that doesn't work, type  X <return>  to quit.


! LaTeX Error: Environment table undefined.

See the LaTeX manual or LaTeX Companion for explanation.
Type  H <return>  for immediate help.
 ...                                              
                                                  
l.26 \begin{table}
                  [H]
Your command was ignored.
Type  I <command> <return>  to replace it with another command,
or  <return>  to continue without it.

! Undefined control sequence.
l.27 	\tablestyle
                 
The control sequence at the end of the top line
of your error message was never \def'ed. If you have
misspelled it (e.g., `\hobx'), type `I' and the correct
spelling (e.g., `I\hbox'). Otherwise just continue,
and I'll forget about whatever was undefined.

! Undefined control sequence.
l.28 	\rowcolors
                {1}{tablerowcolor}{white!100}
The control sequence at the end of the top line
of your error message was never \def'ed. If you have
misspelled it (e.g., `\hobx'), type `I' and the correct
spelling (e.g., `I\hbox'). Otherwise just continue,
and I'll forget about whatever was undefined.

LaTeX Font Info:    External font `cmex10' loaded for size
(Font)              <7> on input line 29.
LaTeX Font Info:    External font `cmex10' loaded for size
(Font)              <5> on input line 29.

! LaTeX Error: Illegal character in array arg.

See the LaTeX manual or LaTeX Companion for explanation.
Type  H <return>  for immediate help.
 ...                                              
                                                  
l.29 	\begin{tabular}{*{2}{v{0.45\textwidth}}}
                                              
You're in trouble here.  Try typing  <return>  to proceed.
If that doesn't work, type  X <return>  to quit.


! LaTeX Error: Illegal character in array arg.

See the LaTeX manual or LaTeX Companion for explanation.
Type  H <return>  for immediate help.
 ...                                              
                                                  
l.29 	\begin{tabular}{*{2}{v{0.45\textwidth}}}
                                              
You're in trouble here.  Try typing  <return>  to proceed.
If that doesn't work, type  X <return>  to quit.


! LaTeX Error: Illegal character in array arg.

See the LaTeX manual or LaTeX Companion for explanation.
Type  H <return>  for immediate help.
 ...                                              
                                                  
l.29 	\begin{tabular}{*{2}{v{0.45\textwidth}}}
                                              
You're in trouble here.  Try typing  <return>  to proceed.
If that doesn't work, type  X <return>  to quit.


! LaTeX Error: Illegal character in array arg.

See the LaTeX manual or LaTeX Companion for explanation.
Type  H <return>  for immediate help.
 ...                                              
                                                  
l.29 	\begin{tabular}{*{2}{v{0.45\textwidth}}}
                                              
You're in trouble here.  Try typing  <return>  to proceed.
If that doesn't work, type  X <return>  to quit.

! Undefined control sequence.
<recently read> \rowcolor 
                          
l.31 		\rowcolor
                {tableheadcolor}
The control sequence at the end of the top line
of your error message was never \def'ed. If you have
misspelled it (e.g., `\hobx'), type `I' and the correct
spelling (e.g., `I\hbox'). Otherwise just continue,
and I'll forget about whatever was undefined.


! LaTeX Error: \begin{document} ended by \end{table}.

See the LaTeX manual or LaTeX Companion for explanation.
Type  H <return>  for immediate help.
 ...                                              
                                                  
l.41 \end{table}
                
Your command was ignored.
Type  I <command> <return>  to replace it with another command,
or  <return>  to continue without it.


Overfull \hbox (426.79134pt too wide) in paragraph at lines 24--42
 [] 
 []


Overfull \hbox (41.52786pt too wide) in paragraph at lines 24--42
 \OT1/cmr/m/n/10 Beteiligte 
 []


Overfull \hbox (18.22223pt too wide) in paragraph at lines 24--42
 \OT1/cmr/m/n/10 Per- 
 []


Overfull \hbox (12.27779pt too wide) in paragraph at lines 24--42
 \OT1/cmr/m/n/10 so- 
 []


Overfull \hbox (18.33337pt too wide) in paragraph at lines 24--42
 \OT1/cmr/m/n/10 nen: 
 []


Overfull \hbox (13.05559pt too wide) in paragraph at lines 24--42
 \OT1/cmr/m/n/10 [H] 
 []


Overfull \hbox (45.86119pt too wide) in paragraph at lines 24--42
 \OT1/cmr/m/n/10 1tablerow- 
 []


Overfull \hbox (15.55557pt too wide) in paragraph at lines 24--42
 \OT1/cmr/m/n/10 col- 
 []


Overfull \hbox (12.25002pt too wide) in paragraph at lines 24--42
 \OT1/cmr/m/n/10 or- 
 []


Overfull \hbox (41.66676pt too wide) in paragraph at lines 24--42
 \OT1/cmr/m/n/10 white!100 
 []


Overfull \hbox (180.89537pt too wide) in paragraph at lines 24--42
 [] 
 []


! LaTeX Error: Missing \begin{document}.

See the LaTeX manual or LaTeX Companion for explanation.
Type  H <return>  for immediate help.
 ...                                              
                                                  
l.44 \noindent
              \rule{15cm}{0.4pt}
You're in trouble here.  Try typing  <return>  to proceed.
If that doesn't work, type  X <return>  to quit.

! Undefined control sequence.
l.45 {\Large
             Aufgaben:}
The control sequence at the end of the top line
of your error message was never \def'ed. If you have
misspelled it (e.g., `\hobx'), type `I' and the correct
spelling (e.g., `I\hbox'). Otherwise just continue,
and I'll forget about whatever was undefined.


! LaTeX Error: Environment table undefined.

See the LaTeX manual or LaTeX Companion for explanation.
Type  H <return>  for immediate help.
 ...                                              
                                                  
l.46 \begin{table}
                  [H]
Your command was ignored.
Type  I <command> <return>  to replace it with another command,
or  <return>  to continue without it.

! Undefined control sequence.
l.47 	\tablestyle
                 
The control sequence at the end of the top line
of your error message was never \def'ed. If you have
misspelled it (e.g., `\hobx'), type `I' and the correct
spelling (e.g., `I\hbox'). Otherwise just continue,
and I'll forget about whatever was undefined.

! Undefined control sequence.
l.48 	\rowcolors
                {1}{tablerowcolor}{white!100}
The control sequence at the end of the top line
of your error message was never \def'ed. If you have
misspelled it (e.g., `\hobx'), type `I' and the correct
spelling (e.g., `I\hbox'). Otherwise just continue,
and I'll forget about whatever was undefined.


! LaTeX Error: Illegal character in array arg.

See the LaTeX manual or LaTeX Companion for explanation.
Type  H <return>  for immediate help.
 ...                                              
                                                  
l.49 	\begin{tabular}{*{2}{v{0.45\textwidth}}}
                                              
You're in trouble here.  Try typing  <return>  to proceed.
If that doesn't work, type  X <return>  to quit.


! LaTeX Error: Illegal character in array arg.

See the LaTeX manual or LaTeX Companion for explanation.
Type  H <return>  for immediate help.
 ...                                              
                                                  
l.49 	\begin{tabular}{*{2}{v{0.45\textwidth}}}
                                              
You're in trouble here.  Try typing  <return>  to proceed.
If that doesn't work, type  X <return>  to quit.


! LaTeX Error: Illegal character in array arg.

See the LaTeX manual or LaTeX Companion for explanation.
Type  H <return>  for immediate help.
 ...                                              
                                                  
l.49 	\begin{tabular}{*{2}{v{0.45\textwidth}}}
                                              
You're in trouble here.  Try typing  <return>  to proceed.
If that doesn't work, type  X <return>  to quit.


! LaTeX Error: Illegal character in array arg.

See the LaTeX manual or LaTeX Companion for explanation.
Type  H <return>  for immediate help.
 ...                                              
                                                  
l.49 	\begin{tabular}{*{2}{v{0.45\textwidth}}}
                                              
You're in trouble here.  Try typing  <return>  to proceed.
If that doesn't work, type  X <return>  to quit.

! Undefined control sequence.
<recently read> \rowcolor 
                          
l.51 		\rowcolor
                {tableheadcolor}
The control sequence at the end of the top line
of your error message was never \def'ed. If you have
misspelled it (e.g., `\hobx'), type `I' and the correct
spelling (e.g., `I\hbox'). Otherwise just continue,
and I'll forget about whatever was undefined.


! LaTeX Error: \begin{document} ended by \end{table}.

See the LaTeX manual or LaTeX Companion for explanation.
Type  H <return>  for immediate help.
 ...                                              
                                                  
l.61 \end{table}
                
Your command was ignored.
Type  I <command> <return>  to replace it with another command,
or  <return>  to continue without it.


Overfull \hbox (426.79134pt too wide) in paragraph at lines 44--63
 [] 
 []


Overfull \hbox (19.44449pt too wide) in paragraph at lines 44--63
 \OT1/cmr/m/n/10 Auf- 
 []


Overfull \hbox (28.61119pt too wide) in paragraph at lines 44--63
 \OT1/cmr/m/n/10 gaben: 
 []


Overfull \hbox (13.05559pt too wide) in paragraph at lines 44--63
 \OT1/cmr/m/n/10 [H] 
 []


Overfull \hbox (45.86119pt too wide) in paragraph at lines 44--63
 \OT1/cmr/m/n/10 1tablerow- 
 []


Overfull \hbox (15.55557pt too wide) in paragraph at lines 44--63
 \OT1/cmr/m/n/10 col- 
 []


Overfull \hbox (12.25002pt too wide) in paragraph at lines 44--63
 \OT1/cmr/m/n/10 or- 
 []


Overfull \hbox (41.66676pt too wide) in paragraph at lines 44--63
 \OT1/cmr/m/n/10 white!100 
 []


Overfull \hbox (140.8761pt too wide) in paragraph at lines 44--63
 [] 
 []


Overfull \hbox (426.79134pt too wide) in paragraph at lines 44--63
 [] 
 []

! Undefined control sequence.
<recently read> \today 
                       
l.64    \today
              
The control sequence at the end of the top line
of your error message was never \def'ed. If you have
misspelled it (e.g., `\hobx'), type `I' and the correct
spelling (e.g., `I\hbox'). Otherwise just continue,
and I'll forget about whatever was undefined.


! LaTeX Error: \begin{document} ended by \end{titlepage}.

See the LaTeX manual or LaTeX Companion for explanation.
Type  H <return>  for immediate help.
 ...                                              
                                                  
l.65 \end{titlepage}
                    
Your command was ignored.
Type  I <command> <return>  to replace it with another command,
or  <return>  to continue without it.

)
! Emergency stop.
<*> ./Titel.tex
               
*** (job aborted, no legal \end found)

 
Here is how much of TeX's memory you used:
 19 strings out of 492970
 321 string characters out of 3126149
 58201 words of memory out of 3000000
 3990 multiletter control sequences out of 15000+200000
 4253 words of font info for 16 fonts, out of 3000000 for 9000
 1141 hyphenation exceptions out of 8191
 19i,7n,16p,71b,194s stack positions out of 5000i,500n,10000p,200000b,50000s
!  ==> Fatal error occurred, no output PDF file produced!
